C:\Users\cpsc\Downloads\booksAndDatesWithSort\booksAndDates\booksAndDates\Debug\Books.obj
C:\Users\cpsc\Downloads\booksAndDatesWithSort\booksAndDates\booksAndDates\Debug\booksAndDates.exe.embed.manifest
C:\Users\cpsc\Downloads\booksAndDatesWithSort\booksAndDates\booksAndDates\Debug\booksAndDates.exe.embed.manifest.res
C:\Users\cpsc\Downloads\booksAndDatesWithSort\booksAndDates\booksAndDates\Debug\booksAndDates.exe.intermediate.manifest
C:\Users\cpsc\Downloads\booksAndDatesWithSort\booksAndDates\booksAndDates\Debug\booksAndDates_manifest.rc
C:\Users\cpsc\Downloads\booksAndDatesWithSort\booksAndDates\booksAndDates\Debug\cl.command.1.tlog
C:\Users\cpsc\Downloads\booksAndDatesWithSort\booksAndDates\booksAndDates\Debug\CL.read.1.tlog
C:\Users\cpsc\Downloads\booksAndDatesWithSort\booksAndDates\booksAndDates\Debug\CL.write.1.tlog
C:\Users\cpsc\Downloads\booksAndDatesWithSort\booksAndDates\booksAndDates\Debug\Dates.obj
C:\Users\cpsc\Downloads\booksAndDatesWithSort\booksAndDates\booksAndDates\Debug\link.1348.read.1.tlog
C:\Users\cpsc\Downloads\booksAndDatesWithSort\booksAndDates\booksAndDates\Debug\link.1348.write.1.tlog
C:\Users\cpsc\Downloads\booksAndDatesWithSort\booksAndDates\booksAndDates\Debug\link.1348-cvtres.read.1.tlog
C:\Users\cpsc\Downloads\booksAndDatesWithSort\booksAndDates\booksAndDates\Debug\link.1348-cvtres.write.1.tlog
C:\Users\cpsc\Downloads\booksAndDatesWithSort\booksAndDates\booksAndDates\Debug\link.2376.read.1.tlog
C:\Users\cpsc\Downloads\booksAndDatesWithSort\booksAndDates\booksAndDates\Debug\link.2376.write.1.tlog
C:\Users\cpsc\Downloads\booksAndDatesWithSort\booksAndDates\booksAndDates\Debug\link.2376-cvtres.read.1.tlog
C:\Users\cpsc\Downloads\booksAndDatesWithSort\booksAndDates\booksAndDates\Debug\link.2376-cvtres.write.1.tlog
C:\Users\cpsc\Downloads\booksAndDatesWithSort\booksAndDates\booksAndDates\Debug\link.2376-rc.read.1.tlog
C:\Users\cpsc\Downloads\booksAndDatesWithSort\booksAndDates\booksAndDates\Debug\link.2376-rc.write.1.tlog
C:\Users\cpsc\Downloads\booksAndDatesWithSort\booksAndDates\booksAndDates\Debug\link.6996.read.1.tlog
C:\Users\cpsc\Downloads\booksAndDatesWithSort\booksAndDates\booksAndDates\Debug\link.6996.write.1.tlog
C:\Users\cpsc\Downloads\booksAndDatesWithSort\booksAndDates\booksAndDates\Debug\link.6996-cvtres.read.1.tlog
C:\Users\cpsc\Downloads\booksAndDatesWithSort\booksAndDates\booksAndDates\Debug\link.6996-cvtres.write.1.tlog
C:\Users\cpsc\Downloads\booksAndDatesWithSort\booksAndDates\booksAndDates\Debug\link.6996-rc.read.1.tlog
C:\Users\cpsc\Downloads\booksAndDatesWithSort\booksAndDates\booksAndDates\Debug\link.6996-rc.write.1.tlog
C:\Users\cpsc\Downloads\booksAndDatesWithSort\booksAndDates\booksAndDates\Debug\link.command.1.tlog
C:\Users\cpsc\Downloads\booksAndDatesWithSort\booksAndDates\booksAndDates\Debug\link.read.1.tlog
C:\Users\cpsc\Downloads\booksAndDatesWithSort\booksAndDates\booksAndDates\Debug\link.write.1.tlog
C:\Users\cpsc\Downloads\booksAndDatesWithSort\booksAndDates\booksAndDates\Debug\link-cvtres.read.1.tlog
C:\Users\cpsc\Downloads\booksAndDatesWithSort\booksAndDates\booksAndDates\Debug\link-cvtres.write.1.tlog
C:\Users\cpsc\Downloads\booksAndDatesWithSort\booksAndDates\booksAndDates\Debug\link-rc.read.1.tlog
C:\Users\cpsc\Downloads\booksAndDatesWithSort\booksAndDates\booksAndDates\Debug\link-rc.write.1.tlog
C:\Users\cpsc\Downloads\booksAndDatesWithSort\booksAndDates\booksAndDates\Debug\mt.command.1.tlog
C:\Users\cpsc\Downloads\booksAndDatesWithSort\booksAndDates\booksAndDates\Debug\mt.read.1.tlog
C:\Users\cpsc\Downloads\booksAndDatesWithSort\booksAndDates\booksAndDates\Debug\mt.write.1.tlog
C:\Users\cpsc\Downloads\booksAndDatesWithSort\booksAndDates\booksAndDates\Debug\rc.command.1.tlog
C:\Users\cpsc\Downloads\booksAndDatesWithSort\booksAndDates\booksAndDates\Debug\rc.read.1.tlog
C:\Users\cpsc\Downloads\booksAndDatesWithSort\booksAndDates\booksAndDates\Debug\rc.write.1.tlog
C:\Users\cpsc\Downloads\booksAndDatesWithSort\booksAndDates\booksAndDates\Debug\Source1.obj
C:\Users\cpsc\Downloads\booksAndDatesWithSort\booksAndDates\booksAndDates\Debug\vc100.idb
C:\Users\cpsc\Downloads\booksAndDatesWithSort\booksAndDates\booksAndDates\Debug\vc100.pdb
C:\Users\cpsc\Downloads\booksAndDatesWithSort\booksAndDates\booksAndDates\Debug\vc110.idb
C:\Users\cpsc\Downloads\booksAndDatesWithSort\booksAndDates\booksAndDates\Debug\vc110.pdb
C:\Users\cpsc\Downloads\booksAndDatesWithSort\booksAndDates\Debug\booksAndDates.exe
C:\Users\cpsc\Downloads\booksAndDatesWithSort\booksAndDates\Debug\booksAndDates.ilk
C:\Users\cpsc\Downloads\booksAndDatesWithSort\booksAndDates\Debug\booksAndDates.pdb
C:\USERS\THENICETWIN\DOCUMENTS\VISUAL STUDIO 2012\PROJECTS\BOOKSANDDATES\BOOKSANDDATES\DEBUG\BOOKS.OBJ
C:\USERS\THENICETWIN\DOCUMENTS\VISUAL STUDIO 2012\PROJECTS\BOOKSANDDATES\BOOKSANDDATES\DEBUG\DATES.OBJ
C:\USERS\THENICETWIN\DOCUMENTS\VISUAL STUDIO 2012\PROJECTS\BOOKSANDDATES\BOOKSANDDATES\DEBUG\SOURCE1.OBJ
C:\USERS\THENICETWIN\DOCUMENTS\VISUAL STUDIO 2012\PROJECTS\BOOKSANDDATES\BOOKSANDDATES\DEBUG\VC110.PDB
C:\USERS\THENICETWIN\DOCUMENTS\VISUAL STUDIO 2012\PROJECTS\BOOKSANDDATES\DEBUG\BOOKSANDDATES.EXE
C:\USERS\THENICETWIN\DOCUMENTS\VISUAL STUDIO 2012\PROJECTS\BOOKSANDDATES\DEBUG\BOOKSANDDATES.ILK
C:\USERS\THENICETWIN\DOCUMENTS\VISUAL STUDIO 2012\PROJECTS\BOOKSANDDATES\DEBUG\BOOKSANDDATES.PDB
C:\USERS\THENICETWIN\DOWNLOADS\BOOKSANDDATES\BOOKSANDDATES\DEBUG\BOOKS.OBJ
C:\USERS\THENICETWIN\DOWNLOADS\BOOKSANDDATES\BOOKSANDDATES\DEBUG\DATES.OBJ
C:\USERS\THENICETWIN\DOWNLOADS\BOOKSANDDATES\BOOKSANDDATES\DEBUG\SOURCE1.OBJ
C:\USERS\THENICETWIN\DOWNLOADS\BOOKSANDDATES\BOOKSANDDATES\DEBUG\VC110.PDB
C:\USERS\THENICETWIN\DOWNLOADS\BOOKSANDDATES\DEBUG\BOOKSANDDATES.EXE
C:\USERS\THENICETWIN\DOWNLOADS\BOOKSANDDATES\DEBUG\BOOKSANDDATES.ILK
C:\USERS\THENICETWIN\DOWNLOADS\BOOKSANDDATES\DEBUG\BOOKSANDDATES.PDB
