Build started 10/21/2013 6:15:55 PM.
Project "C:\Users\cpsc\Downloads\booksAndDatesWithSort\booksAndDates\booksAndDates\booksAndDates.vcxproj" on node 2 (build target(s)).
InitializeBuildStatus:
  Creating "Debug\booksAndDates.unsuccessfulbuild" because "AlwaysCreate" was specified.
ClCompile:
  c:\Program Files (x86)\Microsoft Visual Studio 10.0\VC\bin\CL.exe /c /ZI /nologo /W3 /WX- /Od /Oy- /D WIN32 /D _DEBUG /D _CONSOLE /D _UNICODE /D UNICODE /Gm /EHsc /RTC1 /MDd /GS /fp:precise /Zc:wchar_t /Zc:forScope /Fo"Debug\\" /Fd"Debug\vc100.pdb" /Gd /TP /analyze- /errorReport:prompt Source1.cpp
  Skipping... (no relevant changes detected)
  Source1.cpp
ManifestResourceCompile:
  All outputs are up-to-date.
Link:
  c:\Program Files (x86)\Microsoft Visual Studio 10.0\VC\bin\link.exe /ERRORREPORT:PROMPT /OUT:"C:\Users\cpsc\Downloads\booksAndDatesWithSort\booksAndDates\Debug\booksAndDates.exe" /INCREMENTAL /NOLOGO kernel32.lib user32.lib gdi32.lib winspool.lib comdlg32.lib advapi32.lib shell32.lib ole32.lib oleaut32.lib uuid.lib odbc32.lib odbccp32.lib /MANIFEST /ManifestFile:"Debug\booksAndDates.exe.intermediate.manifest" /MANIFESTUAC:"level='asInvoker' uiAccess='false'" /DEBUG /PDB:"C:\Users\cpsc\Downloads\booksAndDatesWithSort\booksAndDates\Debug\booksAndDates.pdb" /SUBSYSTEM:CONSOLE /TLBID:1 /DYNAMICBASE /NXCOMPAT /IMPLIB:"C:\Users\cpsc\Downloads\booksAndDatesWithSort\booksAndDates\Debug\booksAndDates.lib" /MACHINE:X86 Debug\booksAndDates.exe.embed.manifest.res
  Debug\Books.obj
  Debug\Dates.obj
  Debug\Source1.obj
Manifest:
  C:\Program Files (x86)\Microsoft SDKs\Windows\v7.0A\bin\mt.exe /nologo /verbose /out:"Debug\booksAndDates.exe.embed.manifest" /manifest Debug\booksAndDates.exe.intermediate.manifest
  All outputs are up-to-date.
LinkEmbedManifest:
  All outputs are up-to-date.
  booksAndDates.vcxproj -> C:\Users\cpsc\Downloads\booksAndDatesWithSort\booksAndDates\Debug\booksAndDates.exe
FinalizeBuildStatus:
  Deleting file "Debug\booksAndDates.unsuccessfulbuild".
  Touching "Debug\booksAndDates.lastbuildstate".
Done Building Project "C:\Users\cpsc\Downloads\booksAndDatesWithSort\booksAndDates\booksAndDates\booksAndDates.vcxproj" (build target(s)).

Build succeeded.

Time Elapsed 00:00:01.70
